<?xml version="1.0" encoding="UTF-8"?>
<!-- Generated by org.testng.reporters.JUnitReportReporter -->
<testsuite hostname="WINDOWS-7J23SHK" name="com.gmail.test" tests="1" failures="0" timestamp="15 Aug 2017 21:11:15 GMT" time="14.445" errors="0">
  <testcase name="method" time="14.445" classname="com.gmail.test"/>
</testsuite> <!-- com.gmail.test -->
