<?xml version="1.0" encoding="UTF-8"?>
<!-- Generated by org.testng.reporters.JUnitReportReporter -->
<testsuite hostname="WINDOWS-7J23SHK" name="com.gmail.testloginpage" tests="1" failures="1" timestamp="11 Aug 2017 23:22:26 GMT" time="46.794" errors="0">
  <testcase name="loginapplication" time="46.794" classname="com.gmail.testloginpage">
    <failure type="org.openqa.selenium.WebDriverException" message="Failed to connect to binary FirefoxBinary(C:\Program Files (x86)\Mozilla Firefox\firefox.exe) on port 7055; process output follows: 
down blocker for LightweightThemeManager
1502493702157	addons.manager	DEBUG	Provider finished startup: LightweightThemeManager
1502493702158	addons.manager	DEBUG	Starting provider: GMPProvider
1502493702164	addons.manager	DEBUG	Registering shutdown blocker for GMPProvider
1502493702164	addons.manager	DEBUG	Provider finished startup: GMPProvider
1502493702165	addons.manager	DEBUG	Starting provider: PluginProvider
1502493702165	addons.manager	DEBUG	Registering shutdown blocker for PluginProvider
1502493702165	addons.manager	DEBUG	Provider finished startup: PluginProvider
1502493702165	addons.manager	DEBUG	Completed startup sequence
[GFX1]: Potential driver version mismatch ignored due to missing DLLs igd10umd32 v= and igd10iumd32.dll v=0.0.0.0
1502493704631	addons.manager	DEBUG	Starting provider: &lt;unnamed-provider&gt;
1502493704631	addons.manager	DEBUG	Registering shutdown blocker for &lt;unnamed-provider&gt;
1502493704631	addons.manager	DEBUG	Provider finished startup: &lt;unnamed-provider&gt;
1502493705166	DeferredSave.extensions.json	DEBUG	Write succeeded
1502493705167	addons.xpi-utils	DEBUG	XPI Database saved, setting schema version preference to 19
1502493705167	DeferredSave.extensions.json	DEBUG	Starting timer
1502493705180	addons.repository	DEBUG	No addons.json found.
1502493705181	DeferredSave.addons.json	DEBUG	Save changes
1502493705198	DeferredSave.addons.json	DEBUG	Starting timer
1502493705291	addons.manager	DEBUG	Starting provider: PreviousExperimentProvider
1502493705291	addons.manager	DEBUG	Registering shutdown blocker for PreviousExperimentProvider
1502493705291	addons.manager	DEBUG	Provider finished startup: PreviousExperimentProvider
1502493705295	DeferredSave.extensions.json	DEBUG	Starting write
1502493705297	DeferredSave.addons.json	DEBUG	Starting write
1502493705334	DeferredSave.extensions.json	DEBUG	Write succeeded
1502493705339	DeferredSave.addons.json	DEBUG	Write succeeded
Crash Annotation GraphicsCriticalError: |[C0][GFX1]: Potential driver version mismatch ignored due to missing DLLs igd10umd32 v= and igd10iumd32.dll v=0.0.0.0 (t=2.1669) [GFX1]: Potential driver version mismatch ignored due to missing DLLs igd10umd32 v= and igd10iumd32.dll v=0.0.0.0
1502493736221	addons.xpi	DEBUG	Calling bootstrap method shutdown on webcompat@mozilla.org version 1.1
1502493736224	addons.xpi	DEBUG	Calling bootstrap method shutdown on screenshots@mozilla.org version 6.6.0
1502493736228	addons.xpi	DEBUG	Calling bootstrap method shutdown on firefox@getpocket.com version 1.0.5
1502493736229	addons.xpi	DEBUG	Calling bootstrap method shutdown on e10srollout@mozilla.org version 1.50
1502493736230	addons.xpi	DEBUG	Calling bootstrap method shutdown on aushelper@mozilla.org version 2.0
[GPU 2828] WARNING: pipe error: 109: file c:/builds/moz2_slave/m-rel-w32-00000000000000000000/build/src/ipc/chromium/src/chrome/common/ipc_channel_win.cc, line 346
[Child 8072] WARNING: pipe error: 109: file c:/builds/moz2_slave/m-rel-w32-00000000000000000000/build/src/ipc/chromium/src/chrome/common/ipc_channel_win.cc, line 346
[Child 8072] WARNING: pipe error: 109: file c:/builds/moz2_slave/m-rel-w32-00000000000000000000/build/src/ipc/chromium/src/chrome/common/ipc_channel_win.cc, line 346
1502493736493	addons.manager	DEBUG	shutdown
1502493736493	addons.manager	DEBUG	Calling shutdown blocker for XPIProvider
1502493736494	addons.xpi	DEBUG	shutdown
1502493736494	addons.xpi-utils	DEBUG	shutdown
1502493736494	addons.manager	DEBUG	Calling shutdown blocker for LightweightThemeManager
1502493736495	addons.manager	DEBUG	Calling shutdown blocker for GMPProvider
1502493736497	addons.manager	DEBUG	Calling shutdown blocker for PluginProvider
1502493736497	addons.manager	DEBUG	Calling shutdown blocker for &lt;unnamed-provider&gt;
1502493736499	addons.manager	DEBUG	Calling shutdown blocker for PreviousExperimentProvider
1502493736502	addons.xpi	DEBUG	Notifying XPI shutdown observers
1502493736506	addons.manager	DEBUG	Async provider shutdown done

###!!! [Child][MessageChannel::SendAndWait] Error: Channel error: cannot send/recv


Build info: version: &#039;2.53.1&#039;, revision: &#039;a36b8b1cd5757287168e54b817830adce9b0158d&#039;, time: &#039;2016-06-30 19:26:09&#039;
System info: host: &#039;WINDOWS-7J23SHK&#039;, ip: &#039;10.1.10.62&#039;, os.name: &#039;Windows 10&#039;, os.arch: &#039;amd64&#039;, os.version: &#039;10.0&#039;, java.version: &#039;1.8.0_121&#039;
Driver info: driver.version: FirefoxDriver">
      <![CDATA[org.openqa.selenium.WebDriverException: Failed to connect to binary FirefoxBinary(C:\Program Files (x86)\Mozilla Firefox\firefox.exe) on port 7055; process output follows: 
down blocker for LightweightThemeManager
1502493702157	addons.manager	DEBUG	Provider finished startup: LightweightThemeManager
1502493702158	addons.manager	DEBUG	Starting provider: GMPProvider
1502493702164	addons.manager	DEBUG	Registering shutdown blocker for GMPProvider
1502493702164	addons.manager	DEBUG	Provider finished startup: GMPProvider
1502493702165	addons.manager	DEBUG	Starting provider: PluginProvider
1502493702165	addons.manager	DEBUG	Registering shutdown blocker for PluginProvider
1502493702165	addons.manager	DEBUG	Provider finished startup: PluginProvider
1502493702165	addons.manager	DEBUG	Completed startup sequence
[GFX1]: Potential driver version mismatch ignored due to missing DLLs igd10umd32 v= and igd10iumd32.dll v=0.0.0.0
1502493704631	addons.manager	DEBUG	Starting provider: <unnamed-provider>
1502493704631	addons.manager	DEBUG	Registering shutdown blocker for <unnamed-provider>
1502493704631	addons.manager	DEBUG	Provider finished startup: <unnamed-provider>
1502493705166	DeferredSave.extensions.json	DEBUG	Write succeeded
1502493705167	addons.xpi-utils	DEBUG	XPI Database saved, setting schema version preference to 19
1502493705167	DeferredSave.extensions.json	DEBUG	Starting timer
1502493705180	addons.repository	DEBUG	No addons.json found.
1502493705181	DeferredSave.addons.json	DEBUG	Save changes
1502493705198	DeferredSave.addons.json	DEBUG	Starting timer
1502493705291	addons.manager	DEBUG	Starting provider: PreviousExperimentProvider
1502493705291	addons.manager	DEBUG	Registering shutdown blocker for PreviousExperimentProvider
1502493705291	addons.manager	DEBUG	Provider finished startup: PreviousExperimentProvider
1502493705295	DeferredSave.extensions.json	DEBUG	Starting write
1502493705297	DeferredSave.addons.json	DEBUG	Starting write
1502493705334	DeferredSave.extensions.json	DEBUG	Write succeeded
1502493705339	DeferredSave.addons.json	DEBUG	Write succeeded
Crash Annotation GraphicsCriticalError: |[C0][GFX1]: Potential driver version mismatch ignored due to missing DLLs igd10umd32 v= and igd10iumd32.dll v=0.0.0.0 (t=2.1669) [GFX1]: Potential driver version mismatch ignored due to missing DLLs igd10umd32 v= and igd10iumd32.dll v=0.0.0.0
1502493736221	addons.xpi	DEBUG	Calling bootstrap method shutdown on webcompat@mozilla.org version 1.1
1502493736224	addons.xpi	DEBUG	Calling bootstrap method shutdown on screenshots@mozilla.org version 6.6.0
1502493736228	addons.xpi	DEBUG	Calling bootstrap method shutdown on firefox@getpocket.com version 1.0.5
1502493736229	addons.xpi	DEBUG	Calling bootstrap method shutdown on e10srollout@mozilla.org version 1.50
1502493736230	addons.xpi	DEBUG	Calling bootstrap method shutdown on aushelper@mozilla.org version 2.0
[GPU 2828] WARNING: pipe error: 109: file c:/builds/moz2_slave/m-rel-w32-00000000000000000000/build/src/ipc/chromium/src/chrome/common/ipc_channel_win.cc, line 346
[Child 8072] WARNING: pipe error: 109: file c:/builds/moz2_slave/m-rel-w32-00000000000000000000/build/src/ipc/chromium/src/chrome/common/ipc_channel_win.cc, line 346
[Child 8072] WARNING: pipe error: 109: file c:/builds/moz2_slave/m-rel-w32-00000000000000000000/build/src/ipc/chromium/src/chrome/common/ipc_channel_win.cc, line 346
1502493736493	addons.manager	DEBUG	shutdown
1502493736493	addons.manager	DEBUG	Calling shutdown blocker for XPIProvider
1502493736494	addons.xpi	DEBUG	shutdown
1502493736494	addons.xpi-utils	DEBUG	shutdown
1502493736494	addons.manager	DEBUG	Calling shutdown blocker for LightweightThemeManager
1502493736495	addons.manager	DEBUG	Calling shutdown blocker for GMPProvider
1502493736497	addons.manager	DEBUG	Calling shutdown blocker for PluginProvider
1502493736497	addons.manager	DEBUG	Calling shutdown blocker for <unnamed-provider>
1502493736499	addons.manager	DEBUG	Calling shutdown blocker for PreviousExperimentProvider
1502493736502	addons.xpi	DEBUG	Notifying XPI shutdown observers
1502493736506	addons.manager	DEBUG	Async provider shutdown done

###!!! [Child][MessageChannel::SendAndWait] Error: Channel error: cannot send/recv


Build info: version: '2.53.1', revision: 'a36b8b1cd5757287168e54b817830adce9b0158d', time: '2016-06-30 19:26:09'
System info: host: 'WINDOWS-7J23SHK', ip: '10.1.10.62', os.name: 'Windows 10', os.arch: 'amd64', os.version: '10.0', java.version: '1.8.0_121'
Driver info: driver.version: FirefoxDriver
	at org.openqa.selenium.firefox.internal.NewProfileExtensionConnection.start(NewProfileExtensionConnection.java:125)
	at org.openqa.selenium.firefox.FirefoxDriver.startClient(FirefoxDriver.java:271)
	at org.openqa.selenium.remote.RemoteWebDriver.<init>(RemoteWebDriver.java:119)
	at org.openqa.selenium.firefox.FirefoxDriver.<init>(FirefoxDriver.java:216)
	at org.openqa.selenium.firefox.FirefoxDriver.<init>(FirefoxDriver.java:211)
	at org.openqa.selenium.firefox.FirefoxDriver.<init>(FirefoxDriver.java:207)
	at org.openqa.selenium.firefox.FirefoxDriver.<init>(FirefoxDriver.java:120)
	at com.gmail.testloginpage.loginapplication(testloginpage.java:19)
	at sun.reflect.NativeMethodAccessorImpl.invoke0(Native Method)
	at sun.reflect.NativeMethodAccessorImpl.invoke(NativeMethodAccessorImpl.java:62)
	at sun.reflect.DelegatingMethodAccessorImpl.invoke(DelegatingMethodAccessorImpl.java:43)
	at java.lang.reflect.Method.invoke(Method.java:498)
	at org.testng.internal.MethodInvocationHelper.invokeMethod(MethodInvocationHelper.java:80)
	at org.testng.internal.Invoker.invokeMethod(Invoker.java:714)
	at org.testng.internal.Invoker.invokeTestMethod(Invoker.java:901)
	at org.testng.internal.Invoker.invokeTestMethods(Invoker.java:1231)
	at org.testng.internal.TestMethodWorker.invokeTestMethods(TestMethodWorker.java:127)
	at org.testng.internal.TestMethodWorker.run(TestMethodWorker.java:111)
	at org.testng.TestRunner.privateRun(TestRunner.java:767)
	at org.testng.TestRunner.run(TestRunner.java:617)
	at org.testng.SuiteRunner.runTest(SuiteRunner.java:334)
	at org.testng.SuiteRunner.runSequentially(SuiteRunner.java:329)
	at org.testng.SuiteRunner.privateRun(SuiteRunner.java:291)
	at org.testng.SuiteRunner.run(SuiteRunner.java:240)
	at org.testng.SuiteRunnerWorker.runSuite(SuiteRunnerWorker.java:52)
	at org.testng.SuiteRunnerWorker.run(SuiteRunnerWorker.java:86)
	at org.testng.TestNG.runSuitesSequentially(TestNG.java:1198)
	at org.testng.TestNG.runSuitesLocally(TestNG.java:1123)
	at org.testng.TestNG.run(TestNG.java:1031)
	at org.testng.remote.AbstractRemoteTestNG.run(AbstractRemoteTestNG.java:132)
	at org.testng.remote.RemoteTestNG.initAndRun(RemoteTestNG.java:230)
	at org.testng.remote.RemoteTestNG.main(RemoteTestNG.java:76)
Caused by: org.openqa.selenium.firefox.NotConnectedException: Unable to connect to host 127.0.0.1 on port 7055 after 45000 ms. Firefox console output:
down blocker for LightweightThemeManager
1502493702157	addons.manager	DEBUG	Provider finished startup: LightweightThemeManager
1502493702158	addons.manager	DEBUG	Starting provider: GMPProvider
1502493702164	addons.manager	DEBUG	Registering shutdown blocker for GMPProvider
1502493702164	addons.manager	DEBUG	Provider finished startup: GMPProvider
1502493702165	addons.manager	DEBUG	Starting provider: PluginProvider
1502493702165	addons.manager	DEBUG	Registering shutdown blocker for PluginProvider
1502493702165	addons.manager	DEBUG	Provider finished startup: PluginProvider
1502493702165	addons.manager	DEBUG	Completed startup sequence
[GFX1]: Potential driver version mismatch ignored due to missing DLLs igd10umd32 v= and igd10iumd32.dll v=0.0.0.0
1502493704631	addons.manager	DEBUG	Starting provider: <unnamed-provider>
1502493704631	addons.manager	DEBUG	Registering shutdown blocker for <unnamed-provider>
1502493704631	addons.manager	DEBUG	Provider finished startup: <unnamed-provider>
1502493705166	DeferredSave.extensions.json	DEBUG	Write succeeded
1502493705167	addons.xpi-utils	DEBUG	XPI Database saved, setting schema version preference to 19
1502493705167	DeferredSave.extensions.json	DEBUG	Starting timer
1502493705180	addons.repository	DEBUG	No addons.json found.
1502493705181	DeferredSave.addons.json	DEBUG	Save changes
1502493705198	DeferredSave.addons.json	DEBUG	Starting timer
1502493705291	addons.manager	DEBUG	Starting provider: PreviousExperimentProvider
1502493705291	addons.manager	DEBUG	Registering shutdown blocker for PreviousExperimentProvider
1502493705291	addons.manager	DEBUG	Provider finished startup: PreviousExperimentProvider
1502493705295	DeferredSave.extensions.json	DEBUG	Starting write
1502493705297	DeferredSave.addons.json	DEBUG	Starting write
1502493705334	DeferredSave.extensions.json	DEBUG	Write succeeded
1502493705339	DeferredSave.addons.json	DEBUG	Write succeeded
Crash Annotation GraphicsCriticalError: |[C0][GFX1]: Potential driver version mismatch ignored due to missing DLLs igd10umd32 v= and igd10iumd32.dll v=0.0.0.0 (t=2.1669) [GFX1]: Potential driver version mismatch ignored due to missing DLLs igd10umd32 v= and igd10iumd32.dll v=0.0.0.0
1502493736221	addons.xpi	DEBUG	Calling bootstrap method shutdown on webcompat@mozilla.org version 1.1
1502493736224	addons.xpi	DEBUG	Calling bootstrap method shutdown on screenshots@mozilla.org version 6.6.0
1502493736228	addons.xpi	DEBUG	Calling bootstrap method shutdown on firefox@getpocket.com version 1.0.5
1502493736229	addons.xpi	DEBUG	Calling bootstrap method shutdown on e10srollout@mozilla.org version 1.50
1502493736230	addons.xpi	DEBUG	Calling bootstrap method shutdown on aushelper@mozilla.org version 2.0
[GPU 2828] WARNING: pipe error: 109: file c:/builds/moz2_slave/m-rel-w32-00000000000000000000/build/src/ipc/chromium/src/chrome/common/ipc_channel_win.cc, line 346
[Child 8072] WARNING: pipe error: 109: file c:/builds/moz2_slave/m-rel-w32-00000000000000000000/build/src/ipc/chromium/src/chrome/common/ipc_channel_win.cc, line 346
[Child 8072] WARNING: pipe error: 109: file c:/builds/moz2_slave/m-rel-w32-00000000000000000000/build/src/ipc/chromium/src/chrome/common/ipc_channel_win.cc, line 346
1502493736493	addons.manager	DEBUG	shutdown
1502493736493	addons.manager	DEBUG	Calling shutdown blocker for XPIProvider
1502493736494	addons.xpi	DEBUG	shutdown
1502493736494	addons.xpi-utils	DEBUG	shutdown
1502493736494	addons.manager	DEBUG	Calling shutdown blocker for LightweightThemeManager
1502493736495	addons.manager	DEBUG	Calling shutdown blocker for GMPProvider
1502493736497	addons.manager	DEBUG	Calling shutdown blocker for PluginProvider
1502493736497	addons.manager	DEBUG	Calling shutdown blocker for <unnamed-provider>
1502493736499	addons.manager	DEBUG	Calling shutdown blocker for PreviousExperimentProvider
1502493736502	addons.xpi	DEBUG	Notifying XPI shutdown observers
1502493736506	addons.manager	DEBUG	Async provider shutdown done

###!!! [Child][MessageChannel::SendAndWait] Error: Channel error: cannot send/recv


	at org.openqa.selenium.firefox.internal.NewProfileExtensionConnection.start(NewProfileExtensionConnection.java:113)
	... 31 more
]]>
    </failure>
  </testcase> <!-- loginapplication -->
</testsuite> <!-- com.gmail.testloginpage -->
